<?xml version="1.0" encoding="UTF-8"?>
<testsuite name="org.example.CalculatorTest" tests="1" skipped="0" failures="0" errors="0" timestamp="2023-09-14T08:17:44" hostname="DESKTOP-397SO71" time="0.039">
  <properties/>
  <testcase name="�뜤�뀍 �뿰�궛�쓣 �닔�뻾�븳�떎" classname="org.example.CalculatorTest" time="0.039"/>
  <system-out><![CDATA[]]></system-out>
  <system-err><![CDATA[]]></system-err>
</testsuite>
